<?xml version="1.0" encoding="UTF-8"?>
<con:testCase id="ba43014c-6b01-4947-b0b3-4ef40b342698" discardOkResults="false" failOnError="true" failTestCaseOnErrors="true" keepSession="false" name="Test Case 1" searchProperties="true" timeout="0" xmlns:con="http://eviware.com/soapui/config"><con:settings><con:setting id="com.smartbear.ready.history.view.ClientResultsView$OptionsForm@disable_log">false</con:setting><con:setting id="com.smartbear.ready.history.view.ClientResultsView$OptionsForm@errors_only">false</con:setting><con:setting id="com.smartbear.ready.history.view.ClientResultsView$OptionsForm@follow">false</con:setting><con:setting id="ba43014c-6b01-4947-b0b3-4ef40b342698fileName">Test-Case-1</con:setting></con:settings><con:savedRecentRuns>1</con:savedRecentRuns><con:testStep type="datasource" name="Data Source" id="9d790374-5651-41d0-b901-24d5c1c57a5c"><con:settings/><con:config xsi:type="con:DataSourceStep" xmlns:xsi="http://www.w3.org/2001/XMLSchema-instance"><con:dataSource type="Excel"><con:configuration><file>C:/Users/KRITIJAIN/Desktop/New Microsoft Excel Worksheet.xlsx</file><worksheet/><cell>A2</cell><ignoreEmpty>false</ignoreEmpty><evaluateFormulas>false</evaluateFormulas></con:configuration></con:dataSource><con:shared>true</con:shared><con:restartShared>true</con:restartShared><con:property>int a</con:property><con:property>int b</con:property><con:restartOnRun>true</con:restartOnRun></con:config></con:testStep><con:testStep type="request" id="d8cfa350-6b1a-4fb9-a822-b20cf2a172fb" name="SOAP Request"><con:settings/><con:config xsi:type="con:RequestStep" xmlns:xsi="http://www.w3.org/2001/XMLSchema-instance"><con:interface>CalculatorSoap</con:interface><con:operation>Add</con:operation><con:request name="SOAP Request" id="38585c29-44af-4dec-bc61-7911867d66ef"><con:settings><con:setting id="com.eviware.soapui.impl.wsdl.WsdlRequest@request-headers">&lt;xml-fragment/></con:setting></con:settings><con:encoding>UTF-8</con:encoding><con:endpoint>http://www.dneonline.com/calculator.asmx</con:endpoint><con:request><![CDATA[<soapenv:Envelope xmlns:soapenv="http://schemas.xmlsoap.org/soap/envelope/" xmlns:tem="http://tempuri.org/">
   <soapenv:Header/>
   <soapenv:Body>
      <tem:Add>
         <tem:intA>${Data Source#int a}</tem:intA>
         <tem:intB>${Data Source#int b}</tem:intB>
      </tem:Add>
   </soapenv:Body>
</soapenv:Envelope>]]></con:request><con:assertion type="Valid HTTP Status Codes" id="71af2ab0-9e58-4ac9-823b-133427b7ee2b" name="Valid HTTP Status Codes"><con:settings/><con:configuration><codes>200</codes></con:configuration></con:assertion><con:assertion type="SOAP Fault Assertion" id="b7839705-edae-4c65-9ea9-b8d89bdc8a28" name="Not SOAP Fault"/><con:assertion type="Schema Compliance" id="3355e4cd-d1f5-465f-8de6-437355361299" name="Schema Compliance"><con:configuration/></con:assertion><con:credentials><con:selectedAuthProfile>No Authorization</con:selectedAuthProfile><con:authType>No Authorization</con:authType></con:credentials><con:jmsConfig JMSDeliveryMode="PERSISTENT"/><con:wsaConfig action="http://tempuri.org/Add" mustUnderstand="NONE" version="200508"/><con:wsrmConfig version="1.2"/></con:request></con:config></con:testStep><con:testStep type="datasink" name="Data Sink" id="a9f69910-34e7-421f-b06d-4cee1d213630"><con:settings/><con:config xsi:type="con:DataSinkStep" xmlns:xsi="http://www.w3.org/2001/XMLSchema-instance"><con:dataSink type="Excel"><con:configuration><file/><outfile>C:/Users/KRITIJAIN/Desktop/New Microsoft Excel Worksheet.xlsx</outfile><worksheet>Sheet1</worksheet><cell>C2</cell><evaluateFormulas>false</evaluateFormulas><append>false</append></con:configuration></con:dataSink><con:properties><con:property><con:name>output</con:name><con:value>${SOAP Request#Response#declare namespace ns1='http://tempuri.org/'; //ns1:AddResponse[1]/ns1:AddResult[1]}</con:value></con:property></con:properties></con:config></con:testStep><con:testStep type="datasourceloop" name="Data Source Loop" id="98db2bef-ba09-4ab8-a372-dfa746230fc5"><con:settings/><con:config><dataSourceStep>Data Source</dataSourceStep><targetStep>SOAP Request</targetStep><discardResults>false</discardResults></con:config></con:testStep><con:properties/><con:reportParameters/><con:breakPoints><con:testStepId>d8cfa350-6b1a-4fb9-a822-b20cf2a172fb</con:testStepId><con:status>NONE</con:status><con:properties/></con:breakPoints><con:breakPoints><con:testStepId>98db2bef-ba09-4ab8-a372-dfa746230fc5</con:testStepId><con:status>NONE</con:status><con:properties/></con:breakPoints><con:breakPoints><con:testStepId>9d790374-5651-41d0-b901-24d5c1c57a5c</con:testStepId><con:status>NONE</con:status><con:properties/></con:breakPoints><con:breakPoints><con:testStepId>a9f69910-34e7-421f-b06d-4cee1d213630</con:testStepId><con:status>NONE</con:status><con:properties/></con:breakPoints><con:tagId>0986dc88-2352-4f02-a249-f72342afbc55</con:tagId></con:testCase>